<?xml version="1.0" encoding="UTF-8"?>
<!-- Generated by org.testng.reporters.JUnitXMLReporter -->
<testsuite ignored="0" hostname="DESKTOP-QK082SQ" failures="0" tests="2" name="Test" time="0.091" errors="0" timestamp="2020-03-27T21:30:54 IST">
  <testcase classname="cucumber.api.testng.AbstractTestNGCucumberTests" name="@BeforeClass setUpClass" time="0.031">
    <failure type="cucumber.runtime.CucumberException" message="Couldn&amp;apos;t load plugin class: com.cucumber.listener.ExtentCucumberFormatter">
      <![CDATA[cucumber.runtime.CucumberException: Couldn't load plugin class: com.cucumber.listener.ExtentCucumberFormatter
at cucumber.runtime.formatter.PluginFactory.loadClass(PluginFactory.java:175)
at cucumber.runtime.formatter.PluginFactory.pluginClass(PluginFactory.java:165)
at cucumber.runtime.formatter.PluginFactory.getPluginClass(PluginFactory.java:226)
at cucumber.runtime.formatter.PluginFactory.isFormatterName(PluginFactory.java:195)
at cucumber.runtime.RuntimeOptionsFactory.addPlugins(RuntimeOptionsFactory.java:90)
at cucumber.runtime.RuntimeOptionsFactory.buildArgsFromOptions(RuntimeOptionsFactory.java:37)
at cucumber.runtime.RuntimeOptionsFactory.create(RuntimeOptionsFactory.java:24)
at cucumber.api.testng.TestNGCucumberRunner.<init>(TestNGCucumberRunner.java:37)
at cucumber.api.testng.AbstractTestNGCucumberTests.setUpClass(AbstractTestNGCucumberTests.java:16)
at java.base/java.util.ArrayList.forEach(ArrayList.java:1540)
Caused by: java.lang.ClassNotFoundException: com.cucumber.listener.ExtentCucumberFormatter
at java.base/jdk.internal.loader.BuiltinClassLoader.loadClass(BuiltinClassLoader.java:583)
at java.base/jdk.internal.loader.ClassLoaders$AppClassLoader.loadClass(ClassLoaders.java:178)
at java.base/java.lang.ClassLoader.loadClass(ClassLoader.java:521)
at cucumber.runtime.formatter.PluginFactory.loadClass(PluginFactory.java:173)
... 34 more
... Removed 25 stack frames]]>
    </failure>
  </testcase> <!-- @BeforeClass setUpClass -->
  <testcase classname="cucumber.api.testng.AbstractTestNGCucumberTests" name="@AfterClass tearDownClass" time="0.0">
    <failure type="java.lang.NullPointerException">
      <![CDATA[java.lang.NullPointerException
at cucumber.api.testng.AbstractTestNGCucumberTests.tearDownClass(AbstractTestNGCucumberTests.java:34)
at java.base/java.util.ArrayList.forEach(ArrayList.java:1540)
... Removed 25 stack frames]]>
    </failure>
  </testcase> <!-- @AfterClass tearDownClass -->
  <testcase classname="cucumber.api.testng.AbstractTestNGCucumberTests" name="@BeforeClass setUpClass" time="0.0">
    <failure type="cucumber.runtime.CucumberException" message="Couldn&amp;apos;t load plugin class: com.cucumber.listener.ExtentCucumberFormatter">
      <![CDATA[cucumber.runtime.CucumberException: Couldn't load plugin class: com.cucumber.listener.ExtentCucumberFormatter
at cucumber.runtime.formatter.PluginFactory.loadClass(PluginFactory.java:175)
at cucumber.runtime.formatter.PluginFactory.pluginClass(PluginFactory.java:165)
at cucumber.runtime.formatter.PluginFactory.getPluginClass(PluginFactory.java:226)
at cucumber.runtime.formatter.PluginFactory.isFormatterName(PluginFactory.java:195)
at cucumber.runtime.RuntimeOptionsFactory.addPlugins(RuntimeOptionsFactory.java:90)
at cucumber.runtime.RuntimeOptionsFactory.buildArgsFromOptions(RuntimeOptionsFactory.java:37)
at cucumber.runtime.RuntimeOptionsFactory.create(RuntimeOptionsFactory.java:24)
at cucumber.api.testng.TestNGCucumberRunner.<init>(TestNGCucumberRunner.java:37)
at cucumber.api.testng.AbstractTestNGCucumberTests.setUpClass(AbstractTestNGCucumberTests.java:16)
at java.base/java.util.ArrayList.forEach(ArrayList.java:1540)
Caused by: java.lang.ClassNotFoundException: com.cucumber.listener.ExtentCucumberFormatter
at java.base/jdk.internal.loader.BuiltinClassLoader.loadClass(BuiltinClassLoader.java:583)
at java.base/jdk.internal.loader.ClassLoaders$AppClassLoader.loadClass(ClassLoaders.java:178)
at java.base/java.lang.ClassLoader.loadClass(ClassLoader.java:521)
at cucumber.runtime.formatter.PluginFactory.loadClass(PluginFactory.java:173)
... 34 more
... Removed 25 stack frames]]>
    </failure>
  </testcase> <!-- @BeforeClass setUpClass -->
  <testcase classname="cucumber.api.testng.AbstractTestNGCucumberTests" name="@AfterClass tearDownClass" time="0.0">
    <failure type="java.lang.NullPointerException">
      <![CDATA[java.lang.NullPointerException
at cucumber.api.testng.AbstractTestNGCucumberTests.tearDownClass(AbstractTestNGCucumberTests.java:34)
at java.base/java.util.ArrayList.forEach(ArrayList.java:1540)
... Removed 25 stack frames]]>
    </failure>
  </testcase> <!-- @AfterClass tearDownClass -->
  <testcase classname="cucumber.api.testng.AbstractTestNGCucumberTests" name="feature" time="0.0">
    <skipped/>
  </testcase> <!-- feature -->
  <testcase classname="cucumber.api.testng.AbstractTestNGCucumberTests" name="feature" time="0.0">
    <skipped/>
  </testcase> <!-- feature -->
</testsuite> <!-- Test -->
