<?xml version="1.0" encoding="UTF-8"?>
<testng-results ignored="0" total="2" passed="2" failed="0" skipped="0">
  <reporter-output>
  </reporter-output>
  <suite started-at="2020-03-27T21:48:26 IST" name="Suite" finished-at="2020-03-27T22:03:39 IST" duration-ms="912897">
    <groups>
      <group name="cucumber">
        <method signature="AbstractTestNGCucumberTests.feature(cucumber.api.testng.CucumberFeatureWrapper)[pri:0, instance:Runner_PKG_Chrome.TestRunner12@36f0f1be]" name="feature" class="cucumber.api.testng.AbstractTestNGCucumberTests"/>
        <method signature="AbstractTestNGCucumberTests.feature(cucumber.api.testng.CucumberFeatureWrapper)[pri:0, instance:Runner_PKG_FireFox.TestRunner@157632c9]" name="feature" class="cucumber.api.testng.AbstractTestNGCucumberTests"/>
      </group> <!-- cucumber -->
    </groups>
    <test started-at="2020-03-27T21:48:26 IST" name="Test" finished-at="2020-03-27T22:03:39 IST" duration-ms="912897">
      <class name="Runner_PKG_Chrome.TestRunner12">
        <test-method is-config="true" signature="setUpClass()[pri:0, instance:Runner_PKG_Chrome.TestRunner12@36f0f1be]" started-at="2020-03-27T21:48:26 IST" name="setUpClass" finished-at="2020-03-27T21:48:27 IST" duration-ms="323" status="PASS">
          <reporter-output>
          </reporter-output>
        </test-method> <!-- setUpClass -->
        <test-method signature="feature(cucumber.api.testng.CucumberFeatureWrapper)[pri:0, instance:Runner_PKG_Chrome.TestRunner12@36f0f1be]" started-at="2020-03-27T21:48:27 IST" name="feature" description="Runs Cucumber Feature" data-provider="features" finished-at="2020-03-27T21:55:09 IST" duration-ms="402468" status="PASS">
          <params>
            <param index="0">
              <value>
                <![CDATA[Swags_Labs]]>
              </value>
            </param>
          </params>
          <reporter-output>
          </reporter-output>
        </test-method> <!-- feature -->
        <test-method is-config="true" signature="tearDownClass()[pri:0, instance:Runner_PKG_Chrome.TestRunner12@36f0f1be]" started-at="2020-03-27T21:55:09 IST" name="tearDownClass" finished-at="2020-03-27T21:55:09 IST" duration-ms="18" status="PASS">
          <reporter-output>
          </reporter-output>
        </test-method> <!-- tearDownClass -->
      </class> <!-- Runner_PKG_Chrome.TestRunner12 -->
      <class name="Runner_PKG_FireFox.TestRunner">
        <test-method is-config="true" signature="setUpClass()[pri:0, instance:Runner_PKG_FireFox.TestRunner@157632c9]" started-at="2020-03-27T21:55:09 IST" name="setUpClass" finished-at="2020-03-27T21:55:09 IST" duration-ms="12" status="PASS">
          <reporter-output>
          </reporter-output>
        </test-method> <!-- setUpClass -->
        <test-method signature="feature(cucumber.api.testng.CucumberFeatureWrapper)[pri:0, instance:Runner_PKG_FireFox.TestRunner@157632c9]" started-at="2020-03-27T21:55:09 IST" name="feature" description="Runs Cucumber Feature" data-provider="features" finished-at="2020-03-27T22:03:39 IST" duration-ms="509877" status="PASS">
          <params>
            <param index="0">
              <value>
                <![CDATA[Swags_Labs]]>
              </value>
            </param>
          </params>
          <reporter-output>
          </reporter-output>
        </test-method> <!-- feature -->
        <test-method is-config="true" signature="tearDownClass()[pri:0, instance:Runner_PKG_FireFox.TestRunner@157632c9]" started-at="2020-03-27T22:03:39 IST" name="tearDownClass" finished-at="2020-03-27T22:03:39 IST" duration-ms="9" status="PASS">
          <reporter-output>
          </reporter-output>
        </test-method> <!-- tearDownClass -->
      </class> <!-- Runner_PKG_FireFox.TestRunner -->
    </test> <!-- Test -->
  </suite> <!-- Suite -->
</testng-results>
