<?xml version="1.0" encoding="UTF-8"?>
<testng-results ignored="0" total="2" passed="2" failed="0" skipped="0">
  <reporter-output>
  </reporter-output>
  <suite started-at="2020-03-25T11:00:24 IST" name="Suite" finished-at="2020-03-25T11:12:01 IST" duration-ms="697300">
    <groups>
      <group name="cucumber">
        <method signature="AbstractTestNGCucumberTests.feature(cucumber.api.testng.CucumberFeatureWrapper)[pri:0, instance:Runner_PKG_Chrome.TestRunner12@36f0f1be]" name="feature" class="cucumber.api.testng.AbstractTestNGCucumberTests"/>
        <method signature="AbstractTestNGCucumberTests.feature(cucumber.api.testng.CucumberFeatureWrapper)[pri:0, instance:Runner_PKG_FireFox.TestRunner@157632c9]" name="feature" class="cucumber.api.testng.AbstractTestNGCucumberTests"/>
      </group> <!-- cucumber -->
    </groups>
    <test started-at="2020-03-25T11:00:24 IST" name="Test" finished-at="2020-03-25T11:12:01 IST" duration-ms="697300">
      <class name="Runner_PKG_Chrome.TestRunner12">
        <test-method is-config="true" signature="setUpClass()[pri:0, instance:Runner_PKG_Chrome.TestRunner12@36f0f1be]" started-at="2020-03-25T11:00:24 IST" name="setUpClass" finished-at="2020-03-25T11:00:24 IST" duration-ms="263" status="PASS">
          <reporter-output>
          </reporter-output>
        </test-method> <!-- setUpClass -->
        <test-method signature="feature(cucumber.api.testng.CucumberFeatureWrapper)[pri:0, instance:Runner_PKG_Chrome.TestRunner12@36f0f1be]" started-at="2020-03-25T11:00:24 IST" name="feature" description="Runs Cucumber Feature" data-provider="features" finished-at="2020-03-25T11:04:52 IST" duration-ms="268234" status="PASS">
          <params>
            <param index="0">
              <value>
                <![CDATA[Swags_Labs]]>
              </value>
            </param>
          </params>
          <reporter-output>
          </reporter-output>
        </test-method> <!-- feature -->
        <test-method is-config="true" signature="tearDownClass()[pri:0, instance:Runner_PKG_Chrome.TestRunner12@36f0f1be]" started-at="2020-03-25T11:04:52 IST" name="tearDownClass" finished-at="2020-03-25T11:04:52 IST" duration-ms="0" status="PASS">
          <reporter-output>
          </reporter-output>
        </test-method> <!-- tearDownClass -->
      </class> <!-- Runner_PKG_Chrome.TestRunner12 -->
      <class name="Runner_PKG_FireFox.TestRunner">
        <test-method is-config="true" signature="setUpClass()[pri:0, instance:Runner_PKG_FireFox.TestRunner@157632c9]" started-at="2020-03-25T11:04:52 IST" name="setUpClass" finished-at="2020-03-25T11:04:53 IST" duration-ms="16" status="PASS">
          <reporter-output>
          </reporter-output>
        </test-method> <!-- setUpClass -->
        <test-method signature="feature(cucumber.api.testng.CucumberFeatureWrapper)[pri:0, instance:Runner_PKG_FireFox.TestRunner@157632c9]" started-at="2020-03-25T11:04:53 IST" name="feature" description="Runs Cucumber Feature" data-provider="features" finished-at="2020-03-25T11:12:01 IST" duration-ms="428616" status="PASS">
          <params>
            <param index="0">
              <value>
                <![CDATA[Swags_Labs]]>
              </value>
            </param>
          </params>
          <reporter-output>
          </reporter-output>
        </test-method> <!-- feature -->
        <test-method is-config="true" signature="tearDownClass()[pri:0, instance:Runner_PKG_FireFox.TestRunner@157632c9]" started-at="2020-03-25T11:12:01 IST" name="tearDownClass" finished-at="2020-03-25T11:12:01 IST" duration-ms="0" status="PASS">
          <reporter-output>
          </reporter-output>
        </test-method> <!-- tearDownClass -->
      </class> <!-- Runner_PKG_FireFox.TestRunner -->
    </test> <!-- Test -->
  </suite> <!-- Suite -->
</testng-results>
