<?xml version="1.0" encoding="UTF-8"?>
<testng-results ignored="0" total="1" passed="1" failed="0" skipped="0">
  <reporter-output>
  </reporter-output>
  <suite started-at="2020-03-25T10:25:20 IST" name="Default suite" finished-at="2020-03-25T10:29:44 IST" duration-ms="263858">
    <groups>
      <group name="cucumber">
        <method signature="AbstractTestNGCucumberTests.feature(cucumber.api.testng.CucumberFeatureWrapper)[pri:0, instance:Runner_PKG.TestRunner12@6973bf95]" name="feature" class="cucumber.api.testng.AbstractTestNGCucumberTests"/>
      </group> <!-- cucumber -->
    </groups>
    <test started-at="2020-03-25T10:25:20 IST" name="Default test" finished-at="2020-03-25T10:29:44 IST" duration-ms="263858">
      <class name="Runner_PKG.TestRunner12">
        <test-method is-config="true" signature="setUpClass()[pri:0, instance:Runner_PKG.TestRunner12@6973bf95]" started-at="2020-03-25T10:25:20 IST" name="setUpClass" finished-at="2020-03-25T10:25:20 IST" duration-ms="328" status="PASS">
          <reporter-output>
          </reporter-output>
        </test-method> <!-- setUpClass -->
        <test-method signature="feature(cucumber.api.testng.CucumberFeatureWrapper)[pri:0, instance:Runner_PKG.TestRunner12@6973bf95]" started-at="2020-03-25T10:25:20 IST" name="feature" description="Runs Cucumber Feature" data-provider="features" finished-at="2020-03-25T10:29:44 IST" duration-ms="263330" status="PASS">
          <params>
            <param index="0">
              <value>
                <![CDATA[Swags_Labs]]>
              </value>
            </param>
          </params>
          <reporter-output>
          </reporter-output>
        </test-method> <!-- feature -->
        <test-method is-config="true" signature="tearDownClass()[pri:0, instance:Runner_PKG.TestRunner12@6973bf95]" started-at="2020-03-25T10:29:44 IST" name="tearDownClass" finished-at="2020-03-25T10:29:44 IST" duration-ms="4" status="PASS">
          <reporter-output>
          </reporter-output>
        </test-method> <!-- tearDownClass -->
      </class> <!-- Runner_PKG.TestRunner12 -->
    </test> <!-- Default test -->
  </suite> <!-- Default suite -->
</testng-results>
